0 info it worked if it ends with ok
1 verbose cli [ 'node', '/usr/local/bin/npm', 'publish' ]
2 info using npm@2.13.3
3 info using node@v0.10.15
4 verbose node symlink /usr/bin/node
5 verbose publish [ '.' ]
6 silly cache add args [ '.', null ]
7 verbose cache add spec .
8 silly cache add parsed spec { raw: '.',
8 silly cache add   scope: null,
8 silly cache add   name: null,
8 silly cache add   rawSpec: '.',
8 silly cache add   spec: '/home/kristijan/Documents/javascript/spa-router',
8 silly cache add   type: 'directory' }
9 verbose addLocalDirectory /home/kristijan/.npm/push-router/0.3.2/package.tgz not in flight; packing
10 verbose tar pack [ '/home/kristijan/.npm/push-router/0.3.2/package.tgz',
10 verbose tar pack   '/home/kristijan/Documents/javascript/spa-router' ]
11 verbose tarball /home/kristijan/.npm/push-router/0.3.2/package.tgz
12 verbose folder /home/kristijan/Documents/javascript/spa-router
13 info prepublish push-router@0.3.2
14 verbose addLocalTarball adding from inside cache /home/kristijan/.npm/push-router/0.3.2/package.tgz
15 silly cache afterAdd push-router@0.3.2
16 verbose afterAdd /home/kristijan/.npm/push-router/0.3.2/package/package.json not in flight; writing
17 verbose afterAdd /home/kristijan/.npm/push-router/0.3.2/package/package.json written
18 silly publish { name: 'push-router',
18 silly publish   version: '0.3.2',
18 silly publish   main: 'dev/js/Router.js',
18 silly publish   scripts: { test: 'jasmine' },
18 silly publish   author: '',
18 silly publish   license: 'ISC',
18 silly publish   devDependencies:
18 silly publish    { grunt: '~0.4.5',
18 silly publish      'grunt-contrib-jshint': '~0.10.0',
18 silly publish      'grunt-contrib-nodeunit': '~0.4.1',
18 silly publish      'grunt-contrib-uglify': '~0.5.0',
18 silly publish      'grunt-contrib-watch': '~0.6.1',
18 silly publish      'grunt-exec': '~0.4.6' },
18 silly publish   repository:
18 silly publish    { type: 'git',
18 silly publish      url: 'git+https://github.com/kristijan-pajtasev/push-router.git' },
18 silly publish   readme: '# spa-router\nClient side router for Single Page Application (SPA)\n\nRouter uses history API so even tho it is client side\nrouter (doesn\'t do page reload) doesn\'t use hashes (#)\nbut slashes(/).\n\nThis project is working but it is still in development.\nWhen it becames stable version will changed to 1. \n\n## Instalation\n\n### CLI\n\n```\nnpm install push-router\n```\n\n### package.json\n\n```\n"push-router": "x.y.z"\n```\n\n## Usage\n\n### Getting module\n\n```\nvar Router = require("push-router");\n```\n\n### Adding route\n\n```\nRouter.addRoute(route, callback)\n```\n\n### Adding default route\n\n```\nRouter.addDefaultRoute(callback)\n```\n\n### Start listening for route changes\n\n```\nRouter.init()\n```\n\n### Changing route\nChanging route works by clicking on a element with attribute data-route="route". Router\nwill catch click and execute for route defined in href.\n```\n<a data-route="route" href="test">test</a>\n```\n\n### Query\nEach route can have query and it will be passed as a object and last object in route\ncallback.\nFor route test?param=2 arguments in callback will be ["test?param=2", {param: "2"}]\n\n### Route rules\n\n#### Simple route\n```\nRouter.addRoute("test",function() {}); matches maysite.com/test\n```\n\n#### Regex route\n```\nRouter.addRoute("test/{{\\\\d+}}",function() {}); matches maysite.com/test/1\n```\n\n#### Parameter route\n```\nRouter.addRoute("test/{id}",function() {}); matches maysite.com/test/1, passes\n1 as argument in callback ["test/1", "1"]\n```\nIf you want to make that parameter optional just add ? after it\n```\nRouter.addRoute("test/{id}?",function() {}); matches maysite.com/test/1 and maysite.com/test/\n```\n\n',
18 silly publish   readmeFilename: 'README.md',
18 silly publish   gitHead: '648254e83745e3ebef37c314fd8f0cb76a813dca',
18 silly publish   description: 'Client side router for Single Page Application (SPA)',
18 silly publish   bugs: { url: 'https://github.com/kristijan-pajtasev/push-router/issues' },
18 silly publish   homepage: 'https://github.com/kristijan-pajtasev/push-router#readme',
18 silly publish   _id: 'push-router@0.3.2',
18 silly publish   _shasum: 'b9965ffc6585128cd0858ea66b366aba0306a1de',
18 silly publish   _from: '.' }
19 verbose getPublishConfig undefined
20 silly mapToRegistry name push-router
21 silly mapToRegistry using default registry
22 silly mapToRegistry registry https://registry.npmjs.org/
23 silly mapToRegistry uri https://registry.npmjs.org/push-router
24 verbose publish registryBase https://registry.npmjs.org/
25 silly publish uploading /home/kristijan/.npm/push-router/0.3.2/package.tgz
26 verbose request uri https://registry.npmjs.org/push-router
27 verbose request sending authorization for write operation
28 info attempt registry request try #1 at 21:58:51
29 verbose request using bearer token for auth
30 verbose request id e5125b3ae0b3ed2e
31 http request PUT https://registry.npmjs.org/push-router
32 http 403 https://registry.npmjs.org/push-router
33 verbose headers { 'content-type': 'application/json',
33 verbose headers   'cache-control': 'max-age=60',
33 verbose headers   'content-length': '95',
33 verbose headers   'accept-ranges': 'bytes',
33 verbose headers   date: 'Thu, 13 Aug 2015 20:58:52 GMT',
33 verbose headers   via: '1.1 varnish',
33 verbose headers   connection: 'keep-alive',
33 verbose headers   'x-served-by': 'cache-ams4146-AMS',
33 verbose headers   'x-cache': 'MISS',
33 verbose headers   'x-cache-hits': '0',
33 verbose headers   'x-timer': 'S1439499532.018797,VS0,VE649' }
34 verbose request invalidating /home/kristijan/.npm/registry.npmjs.org/push-router on PUT
35 error publish Failed PUT 403
36 verbose stack Error: "You cannot publish over the previously published version 0.3.2." : push-router
36 verbose stack     at CachingRegistryClient.<anonymous> (/usr/local/lib/node_modules/npm/node_modules/npm-registry-client/lib/request.js:247:14)
36 verbose stack     at Request._callback (/usr/local/lib/node_modules/npm/node_modules/npm-registry-client/lib/request.js:170:14)
36 verbose stack     at Request.self.callback (/usr/local/lib/node_modules/npm/node_modules/request/request.js:198:22)
36 verbose stack     at Request.EventEmitter.emit (events.js:98:17)
36 verbose stack     at Request.<anonymous> (/usr/local/lib/node_modules/npm/node_modules/request/request.js:1057:14)
36 verbose stack     at Request.EventEmitter.emit (events.js:117:20)
36 verbose stack     at IncomingMessage.<anonymous> (/usr/local/lib/node_modules/npm/node_modules/request/request.js:1003:12)
36 verbose stack     at IncomingMessage.EventEmitter.emit (events.js:117:20)
36 verbose stack     at _stream_readable.js:910:16
36 verbose stack     at process._tickCallback (node.js:415:13)
37 verbose statusCode 403
38 verbose pkgid push-router
39 verbose cwd /home/kristijan/Documents/javascript/spa-router
40 error Linux 3.11.0-12-generic
41 error argv "node" "/usr/local/bin/npm" "publish"
42 error node v0.10.15
43 error npm  v2.13.3
44 error code E403
45 error "You cannot publish over the previously published version 0.3.2." : push-router
46 error If you need help, you may report this error at:
46 error     <https://github.com/npm/npm/issues>
47 verbose exit [ 1, true ]
